0 info it worked if it ends with ok
1 verbose cli [ '/usr/bin/nodejs',
1 verbose cli   '/usr/bin/npm',
1 verbose cli   'install',
1 verbose cli   '-g',
1 verbose cli   'json-viewer' ]
2 info using npm@2.15.9
3 info using node@v4.5.0
4 verbose install initial load of /usr/lib/package.json
5 verbose readDependencies loading dependencies from /usr/lib/package.json
6 silly cache add args [ 'json-viewer', null ]
7 verbose cache add spec json-viewer
8 silly cache add parsed spec Result {
8 silly cache add   raw: 'json-viewer',
8 silly cache add   scope: null,
8 silly cache add   name: 'json-viewer',
8 silly cache add   rawSpec: '',
8 silly cache add   spec: 'latest',
8 silly cache add   type: 'tag' }
9 silly addNamed json-viewer@latest
10 verbose addNamed "latest" is being treated as a dist-tag for json-viewer
11 info addNameTag [ 'json-viewer', 'latest' ]
12 silly mapToRegistry name json-viewer
13 silly mapToRegistry using default registry
14 silly mapToRegistry registry https://registry.npmjs.org/
15 silly mapToRegistry data Result {
15 silly mapToRegistry   raw: 'json-viewer',
15 silly mapToRegistry   scope: null,
15 silly mapToRegistry   name: 'json-viewer',
15 silly mapToRegistry   rawSpec: '',
15 silly mapToRegistry   spec: 'latest',
15 silly mapToRegistry   type: 'tag' }
16 silly mapToRegistry uri https://registry.npmjs.org/json-viewer
17 verbose addNameTag registry:https://registry.npmjs.org/json-viewer not in flight; fetching
18 verbose request uri https://registry.npmjs.org/json-viewer
19 verbose request no auth needed
20 info attempt registry request try #1 at 13:57:27
21 verbose request id eaa6cdd0a5ae6f40
22 verbose etag "D7UDKIBIC5KTHYPHVA55XD0VG"
23 http request GET https://registry.npmjs.org/json-viewer
24 http 304 https://registry.npmjs.org/json-viewer
25 verbose headers { date: 'Thu, 08 Sep 2016 12:57:28 GMT',
25 verbose headers   via: '1.1 varnish',
25 verbose headers   'cache-control': 'max-age=300',
25 verbose headers   etag: '"D7UDKIBIC5KTHYPHVA55XD0VG"',
25 verbose headers   age: '209',
25 verbose headers   connection: 'keep-alive',
25 verbose headers   'x-served-by': 'cache-fra1226-FRA',
25 verbose headers   'x-cache': 'HIT',
25 verbose headers   'x-cache-hits': '1',
25 verbose headers   'x-timer': 'S1473339448.189781,VS0,VE0',
25 verbose headers   vary: 'Accept-Encoding' }
26 silly get cb [ 304,
26 silly get   { date: 'Thu, 08 Sep 2016 12:57:28 GMT',
26 silly get     via: '1.1 varnish',
26 silly get     'cache-control': 'max-age=300',
26 silly get     etag: '"D7UDKIBIC5KTHYPHVA55XD0VG"',
26 silly get     age: '209',
26 silly get     connection: 'keep-alive',
26 silly get     'x-served-by': 'cache-fra1226-FRA',
26 silly get     'x-cache': 'HIT',
26 silly get     'x-cache-hits': '1',
26 silly get     'x-timer': 'S1473339448.189781,VS0,VE0',
26 silly get     vary: 'Accept-Encoding' } ]
27 verbose etag https://registry.npmjs.org/json-viewer from cache
28 verbose get saving json-viewer to /home/unai/.npm/registry.npmjs.org/json-viewer/.cache.json
29 verbose correctMkdir /home/unai/.npm correctMkdir not in flight; initializing
30 silly addNameTag next cb for json-viewer with tag latest
31 silly addNamed json-viewer@1.1.0
32 verbose addNamed "1.1.0" is a plain semver version for json-viewer
33 silly cache afterAdd json-viewer@1.1.0
34 verbose afterAdd /home/unai/.npm/json-viewer/1.1.0/package/package.json not in flight; writing
35 verbose correctMkdir /home/unai/.npm correctMkdir not in flight; initializing
36 verbose afterAdd /home/unai/.npm/json-viewer/1.1.0/package/package.json written
37 silly install resolved [ { name: 'json-viewer',
37 silly install resolved     version: '1.1.0',
37 silly install resolved     description: 'Pretty JSON viewer for the terminal',
37 silly install resolved     main: 'lib/json-viewer.js',
37 silly install resolved     scripts:
37 silly install resolved      { start: 'npm run build',
37 silly install resolved        build: 'npm run transpile && npm run compress',
37 silly install resolved        transpile: 'babel src --out-file lib/json-viewer.js',
37 silly install resolved        compress: 'uglifyjs lib/json-viewer.js -m -c -o lib/json-viewer.js',
37 silly install resolved        test: 'node test/json-viewer-test.js',
37 silly install resolved        'test:live': 'npm run build && npm pack && npm install -g json-viewer-*.tgz && cat ./bin/json-complete >> ~/.json-autocomplete' },
37 silly install resolved     keywords: [ 'json', 'cli', 'viewer', 'reader', 'cat' ],
37 silly install resolved     author: { name: 'mjurczyk' },
37 silly install resolved     license: 'MIT',
37 silly install resolved     bin: { json: './bin/json-cli' },
37 silly install resolved     repository:
37 silly install resolved      { type: 'git',
37 silly install resolved        url: 'git+https://github.com/mjurczyk/json-viewer.git' },
37 silly install resolved     dependencies: { colors: '^1.1.2' },
37 silly install resolved     devDependencies:
37 silly install resolved      { babel: '^6.5.2',
37 silly install resolved        'babel-cli': '^6.6.5',
37 silly install resolved        'babel-preset-es2015': '^6.6.0',
37 silly install resolved        babelify: '^7.2.0',
37 silly install resolved        browserify: '^13.0.0',
37 silly install resolved        chai: '^3.5.0',
37 silly install resolved        'uglify-js': '^2.6.2' },
37 silly install resolved     gitHead: 'f83a185b99e920d12cb19eaf0fc15f7036b05929',
37 silly install resolved     bugs: { url: 'https://github.com/mjurczyk/json-viewer/issues' },
37 silly install resolved     homepage: 'https://github.com/mjurczyk/json-viewer#readme',
37 silly install resolved     _id: 'json-viewer@1.1.0',
37 silly install resolved     _shasum: 'cf3977665e80add3759ce37969435eb3ea1020a2',
37 silly install resolved     _from: 'json-viewer@latest',
37 silly install resolved     _npmVersion: '2.11.3',
37 silly install resolved     _nodeVersion: '0.12.7',
37 silly install resolved     _npmUser: { name: 'mjurczyk', email: 'thelairmail@gmail.com' },
37 silly install resolved     dist:
37 silly install resolved      { shasum: 'cf3977665e80add3759ce37969435eb3ea1020a2',
37 silly install resolved        tarball: 'https://registry.npmjs.org/json-viewer/-/json-viewer-1.1.0.tgz' },
37 silly install resolved     maintainers: [ [Object] ],
37 silly install resolved     _npmOperationalInternal:
37 silly install resolved      { host: 'packages-16-east.internal.npmjs.com',
37 silly install resolved        tmp: 'tmp/json-viewer-1.1.0.tgz_1464308940198_0.6981572471559048' },
37 silly install resolved     directories: {},
37 silly install resolved     _resolved: 'https://registry.npmjs.org/json-viewer/-/json-viewer-1.1.0.tgz',
37 silly install resolved     readme: 'ERROR: No README data found!' } ]
38 info install json-viewer@1.1.0 into /usr/lib
39 info installOne json-viewer@1.1.0
40 verbose installOne of json-viewer to /usr/lib not in flight; installing
41 verbose correctMkdir /home/unai/.npm/_locks correctMkdir not in flight; initializing
42 verbose lock using /home/unai/.npm/_locks/json-viewer-b3340bb6ea976a29.lock for /usr/lib/node_modules/json-viewer
43 silly install write writing json-viewer 1.1.0 to /usr/lib/node_modules/json-viewer
44 verbose unbuild lib/node_modules/json-viewer
45 silly gentlyRm /usr/lib/node_modules/json-viewer is being purged from base /usr
46 verbose gentlyRm don't care about contents; nuking /usr/lib/node_modules/json-viewer
47 verbose tar unpack /home/unai/.npm/json-viewer/1.1.0/package.tgz
48 verbose tar unpacking to /usr/lib/node_modules/json-viewer
49 silly gentlyRm /usr/lib/node_modules/json-viewer is being purged
50 verbose gentlyRm don't care about contents; nuking /usr/lib/node_modules/json-viewer
51 silly gunzTarPerm modes [ '775', '664' ]
52 error tar.unpack untar error /home/unai/.npm/json-viewer/1.1.0/package.tgz
53 verbose unlock done using /home/unai/.npm/_locks/json-viewer-b3340bb6ea976a29.lock for /usr/lib/node_modules/json-viewer
54 verbose fstream_path /usr/lib/node_modules/json-viewer
55 verbose fstream_type Directory
56 verbose fstream_class DirWriter
57 verbose stack Error: EACCES: permission denied, mkdir '/usr/lib/node_modules/json-viewer'
57 verbose stack     at Error (native)
58 verbose fstream_stack /usr/lib/node_modules/npm/node_modules/fstream/lib/dir-writer.js:35:25
58 verbose fstream_stack /usr/lib/node_modules/npm/node_modules/mkdirp/index.js:47:53
58 verbose fstream_stack FSReqWrap.oncomplete (fs.js:82:15)
59 verbose cwd /home/unai/Descargas/pkmn-components
60 error Linux 4.4.0-36-generic
61 error argv "/usr/bin/nodejs" "/usr/bin/npm" "install" "-g" "json-viewer"
62 error node v4.5.0
63 error npm  v2.15.9
64 error path /usr/lib/node_modules/json-viewer
65 error code EACCES
66 error errno -13
67 error syscall mkdir
68 error Error: EACCES: permission denied, mkdir '/usr/lib/node_modules/json-viewer'
68 error     at Error (native)
68 error  { [Error: EACCES: permission denied, mkdir '/usr/lib/node_modules/json-viewer']
68 error   errno: -13,
68 error   code: 'EACCES',
68 error   syscall: 'mkdir',
68 error   path: '/usr/lib/node_modules/json-viewer',
68 error   fstream_type: 'Directory',
68 error   fstream_path: '/usr/lib/node_modules/json-viewer',
68 error   fstream_class: 'DirWriter',
68 error   fstream_stack:
68 error    [ '/usr/lib/node_modules/npm/node_modules/fstream/lib/dir-writer.js:35:25',
68 error      '/usr/lib/node_modules/npm/node_modules/mkdirp/index.js:47:53',
68 error      'FSReqWrap.oncomplete (fs.js:82:15)' ] }
69 error Please try running this command again as root/Administrator.
70 verbose exit [ -13, true ]
71 verbose unbuild lib/node_modules/json-viewer
72 silly gentlyRm /usr/lib/node_modules/json-viewer is being purged from base /usr
73 verbose gentlyRm don't care about contents; nuking /usr/lib/node_modules/json-viewer
