  [1m[35m (99.9ms)[0m  [1m[35mCREATE TABLE "schema_migrations" ("version" varchar NOT NULL PRIMARY KEY)[0m
  [1m[35m (109.3ms)[0m  [1m[35mCREATE TABLE "ar_internal_metadata" ("key" varchar NOT NULL PRIMARY KEY, "value" varchar, "created_at" datetime NOT NULL, "updated_at" datetime NOT NULL)[0m
  [1m[36mActiveRecord::SchemaMigration Load (0.2ms)[0m  [1m[34mSELECT "schema_migrations".* FROM "schema_migrations"[0m
Migrating to CreateUsers (20160901130902)
  [1m[35m (0.1ms)[0m  [1m[36mbegin transaction[0m
  [1m[35m (0.4ms)[0m  [1m[35mCREATE TABLE "users" ("id" INTEGER PRIMARY KEY AUTOINCREMENT NOT NULL, "name" varchar, "email" varchar, "created_at" datetime NOT NULL, "updated_at" datetime NOT NULL)[0m
  [1m[35m (0.1ms)[0m  [1m[34mselect sqlite_version(*)[0m
  [1m[35m (0.3ms)[0m  [1m[35mCREATE UNIQUE INDEX "index_users_on_email" ON "users" ("email")[0m
  [1m[35mSQL (0.2ms)[0m  [1m[32mINSERT INTO "schema_migrations" ("version") VALUES (?)[0m  [["version", "20160901130902"]]
  [1m[35m (117.3ms)[0m  [1m[36mcommit transaction[0m
Migrating to CreateProducts (20160901130913)
  [1m[35m (0.1ms)[0m  [1m[36mbegin transaction[0m
  [1m[35m (0.3ms)[0m  [1m[35mCREATE TABLE "products" ("id" INTEGER PRIMARY KEY AUTOINCREMENT NOT NULL, "title" varchar, "description" varchar, "deadline" varchar, "user_id" integer, "created_at" datetime NOT NULL, "updated_at" datetime NOT NULL)[0m
  [1m[35m (0.1ms)[0m  [1m[35mCREATE  INDEX "index_products_on_user_id" ON "products" ("user_id")[0m
  [1m[35mSQL (0.2ms)[0m  [1m[32mINSERT INTO "schema_migrations" ("version") VALUES (?)[0m  [["version", "20160901130913"]]
  [1m[35m (96.2ms)[0m  [1m[36mcommit transaction[0m
Migrating to CreateBids (20160901130925)
  [1m[35m (0.1ms)[0m  [1m[36mbegin transaction[0m
  [1m[35m (0.4ms)[0m  [1m[35mCREATE TABLE "bids" ("id" INTEGER PRIMARY KEY AUTOINCREMENT NOT NULL, "user_id" integer, "product_id" integer, "amount" float, "created_at" datetime NOT NULL, "updated_at" datetime NOT NULL)[0m
  [1m[35m (0.1ms)[0m  [1m[35mCREATE  INDEX "index_bids_on_user_id" ON "bids" ("user_id")[0m
  [1m[35m (0.1ms)[0m  [1m[34m            SELECT sql
            FROM sqlite_master
            WHERE name='index_bids_on_user_id' AND type='index'
            UNION ALL
            SELECT sql
            FROM sqlite_temp_master
            WHERE name='index_bids_on_user_id' AND type='index'
[0m
  [1m[35m (0.1ms)[0m  [1m[35mCREATE  INDEX "index_bids_on_product_id" ON "bids" ("product_id")[0m
  [1m[35mSQL (0.2ms)[0m  [1m[32mINSERT INTO "schema_migrations" ("version") VALUES (?)[0m  [["version", "20160901130925"]]
  [1m[35m (96.6ms)[0m  [1m[36mcommit transaction[0m
Migrating to ChangeDeadlineTypeInProducts (20160902105736)
  [1m[35m (0.1ms)[0m  [1m[36mbegin transaction[0m
  [1m[35m (0.3ms)[0m  [1m[35mCREATE TEMPORARY TABLE "aproducts" ("id" INTEGER PRIMARY KEY AUTOINCREMENT NOT NULL, "title" varchar, "description" varchar, "deadline" varchar, "user_id" integer, "created_at" datetime NOT NULL, "updated_at" datetime NOT NULL)[0m
  [1m[35m (0.1ms)[0m  [1m[34m            SELECT sql
            FROM sqlite_master
            WHERE name='index_products_on_user_id' AND type='index'
            UNION ALL
            SELECT sql
            FROM sqlite_temp_master
            WHERE name='index_products_on_user_id' AND type='index'
[0m
  [1m[35m (0.1ms)[0m  [1m[35mCREATE  INDEX "tindex_aproducts_on_user_id" ON "aproducts" ("user_id")[0m
  [1m[35m (0.3ms)[0m  [1m[32mINSERT INTO "aproducts" ("id","title","description","deadline","user_id","created_at","updated_at")
                     SELECT "id","title","description","deadline","user_id","created_at","updated_at" FROM "products"[0m
  [1m[35m (0.5ms)[0m  [1m[35mDROP TABLE "products"[0m
  [1m[35m (0.4ms)[0m  [1m[35mCREATE TABLE "products" ("id" INTEGER PRIMARY KEY AUTOINCREMENT NOT NULL, "title" varchar, "description" varchar, "deadline" timestamps, "user_id" integer, "created_at" datetime NOT NULL, "updated_at" datetime NOT NULL)[0m
  [1m[35m (0.2ms)[0m  [1m[34m            SELECT sql
            FROM sqlite_master
            WHERE name='tindex_aproducts_on_user_id' AND type='index'
            UNION ALL
            SELECT sql
            FROM sqlite_temp_master
            WHERE name='tindex_aproducts_on_user_id' AND type='index'
[0m
  [1m[35m (0.2ms)[0m  [1m[35mCREATE  INDEX "index_products_on_user_id" ON "products" ("user_id")[0m
  [1m[35m (0.1ms)[0m  [1m[32mINSERT INTO "products" ("id","title","description","deadline","user_id","created_at","updated_at")
                     SELECT "id","title","description","deadline","user_id","created_at","updated_at" FROM "aproducts"[0m
  [1m[35m (0.2ms)[0m  [1m[35mDROP TABLE "aproducts"[0m
  [1m[35mSQL (0.1ms)[0m  [1m[32mINSERT INTO "schema_migrations" ("version") VALUES (?)[0m  [["version", "20160902105736"]]
  [1m[35m (108.0ms)[0m  [1m[36mcommit transaction[0m
Migrating to ChangeDeadlineNewTypeInProducts (20160902110348)
  [1m[35m (0.1ms)[0m  [1m[36mbegin transaction[0m
  [1m[35m (0.2ms)[0m  [1m[35mCREATE TEMPORARY TABLE "aproducts" ("id" INTEGER PRIMARY KEY AUTOINCREMENT NOT NULL, "title" varchar, "description" varchar, "deadline" datetime, "user_id" integer, "created_at" datetime NOT NULL, "updated_at" datetime NOT NULL)[0m
  [1m[35m (0.1ms)[0m  [1m[34m            SELECT sql
            FROM sqlite_master
            WHERE name='index_products_on_user_id' AND type='index'
            UNION ALL
            SELECT sql
            FROM sqlite_temp_master
            WHERE name='index_products_on_user_id' AND type='index'
[0m
  [1m[35m (0.1ms)[0m  [1m[35mCREATE  INDEX "tindex_aproducts_on_user_id" ON "aproducts" ("user_id")[0m
  [1m[35m (0.1ms)[0m  [1m[32mINSERT INTO "aproducts" ("id","title","description","deadline","user_id","created_at","updated_at")
                     SELECT "id","title","description","deadline","user_id","created_at","updated_at" FROM "products"[0m
  [1m[35m (0.3ms)[0m  [1m[35mDROP TABLE "products"[0m
  [1m[35m (0.2ms)[0m  [1m[35mCREATE TABLE "products" ("id" INTEGER PRIMARY KEY AUTOINCREMENT NOT NULL, "title" varchar, "description" varchar, "deadline" datetime, "user_id" integer, "created_at" datetime NOT NULL, "updated_at" datetime NOT NULL)[0m
  [1m[35m (0.1ms)[0m  [1m[34m            SELECT sql
            FROM sqlite_master
            WHERE name='tindex_aproducts_on_user_id' AND type='index'
            UNION ALL
            SELECT sql
            FROM sqlite_temp_master
            WHERE name='tindex_aproducts_on_user_id' AND type='index'
[0m
  [1m[35m (0.1ms)[0m  [1m[35mCREATE  INDEX "index_products_on_user_id" ON "products" ("user_id")[0m
  [1m[35m (0.2ms)[0m  [1m[32mINSERT INTO "products" ("id","title","description","deadline","user_id","created_at","updated_at")
                     SELECT "id","title","description","deadline","user_id","created_at","updated_at" FROM "aproducts"[0m
  [1m[35m (0.2ms)[0m  [1m[35mDROP TABLE "aproducts"[0m
  [1m[35mSQL (0.1ms)[0m  [1m[32mINSERT INTO "schema_migrations" ("version") VALUES (?)[0m  [["version", "20160902110348"]]
  [1m[35m (65.3ms)[0m  [1m[36mcommit transaction[0m
Migrating to ChangeDeadlineNewNewTypeInProducts (20160902111021)
  [1m[35m (0.1ms)[0m  [1m[36mbegin transaction[0m
  [1m[35m (0.2ms)[0m  [1m[35mCREATE TEMPORARY TABLE "aproducts" ("id" INTEGER PRIMARY KEY AUTOINCREMENT NOT NULL, "title" varchar, "description" varchar, "deadline" datetime, "user_id" integer, "created_at" datetime NOT NULL, "updated_at" datetime NOT NULL)[0m
  [1m[35m (0.1ms)[0m  [1m[34m            SELECT sql
            FROM sqlite_master
            WHERE name='index_products_on_user_id' AND type='index'
            UNION ALL
            SELECT sql
            FROM sqlite_temp_master
            WHERE name='index_products_on_user_id' AND type='index'
[0m
  [1m[35m (0.2ms)[0m  [1m[35mCREATE  INDEX "tindex_aproducts_on_user_id" ON "aproducts" ("user_id")[0m
  [1m[35m (0.1ms)[0m  [1m[32mINSERT INTO "aproducts" ("id","title","description","deadline","user_id","created_at","updated_at")
                     SELECT "id","title","description","deadline","user_id","created_at","updated_at" FROM "products"[0m
  [1m[35m (0.3ms)[0m  [1m[35mDROP TABLE "products"[0m
  [1m[35m (0.2ms)[0m  [1m[35mCREATE TABLE "products" ("id" INTEGER PRIMARY KEY AUTOINCREMENT NOT NULL, "title" varchar, "description" varchar, "deadline" date, "user_id" integer, "created_at" datetime NOT NULL, "updated_at" datetime NOT NULL)[0m
  [1m[35m (0.1ms)[0m  [1m[34m            SELECT sql
            FROM sqlite_master
            WHERE name='tindex_aproducts_on_user_id' AND type='index'
            UNION ALL
            SELECT sql
            FROM sqlite_temp_master
            WHERE name='tindex_aproducts_on_user_id' AND type='index'
[0m
  [1m[35m (0.1ms)[0m  [1m[35mCREATE  INDEX "index_products_on_user_id" ON "products" ("user_id")[0m
  [1m[35m (0.2ms)[0m  [1m[32mINSERT INTO "products" ("id","title","description","deadline","user_id","created_at","updated_at")
                     SELECT "id","title","description","deadline","user_id","created_at","updated_at" FROM "aproducts"[0m
  [1m[35m (0.2ms)[0m  [1m[35mDROP TABLE "aproducts"[0m
  [1m[35mSQL (0.1ms)[0m  [1m[32mINSERT INTO "schema_migrations" ("version") VALUES (?)[0m  [["version", "20160902111021"]]
  [1m[35m (64.5ms)[0m  [1m[36mcommit transaction[0m
Migrating to AddMinimumBidToProducts (20160902121658)
  [1m[35m (0.1ms)[0m  [1m[36mbegin transaction[0m
  [1m[35m (0.4ms)[0m  [1m[35mALTER TABLE "products" ADD "minimum_bid" float[0m
  [1m[35mSQL (0.2ms)[0m  [1m[32mINSERT INTO "schema_migrations" ("version") VALUES (?)[0m  [["version", "20160902121658"]]
  [1m[35m (85.3ms)[0m  [1m[36mcommit transaction[0m
Migrating to FixMinimumBidToProducts (20160902122204)
  [1m[35m (0.1ms)[0m  [1m[36mbegin transaction[0m
  [1m[35m (0.2ms)[0m  [1m[35mCREATE TEMPORARY TABLE "aproducts" ("id" INTEGER PRIMARY KEY AUTOINCREMENT NOT NULL, "title" varchar, "description" varchar, "deadline" date, "user_id" integer, "created_at" datetime NOT NULL, "updated_at" datetime NOT NULL, "minimum_amount" float)[0m
  [1m[35m (0.1ms)[0m  [1m[34m            SELECT sql
            FROM sqlite_master
            WHERE name='index_products_on_user_id' AND type='index'
            UNION ALL
            SELECT sql
            FROM sqlite_temp_master
            WHERE name='index_products_on_user_id' AND type='index'
[0m
  [1m[35m (0.1ms)[0m  [1m[35mCREATE  INDEX "tindex_aproducts_on_user_id" ON "aproducts" ("user_id")[0m
  [1m[35m (0.1ms)[0m  [1m[32mINSERT INTO "aproducts" ("id","title","description","deadline","user_id","created_at","updated_at","minimum_amount")
                     SELECT "id","title","description","deadline","user_id","created_at","updated_at","minimum_bid" FROM "products"[0m
  [1m[35m (0.3ms)[0m  [1m[35mDROP TABLE "products"[0m
  [1m[35m (0.2ms)[0m  [1m[35mCREATE TABLE "products" ("id" INTEGER PRIMARY KEY AUTOINCREMENT NOT NULL, "title" varchar, "description" varchar, "deadline" date, "user_id" integer, "created_at" datetime NOT NULL, "updated_at" datetime NOT NULL, "minimum_amount" float)[0m
  [1m[35m (0.1ms)[0m  [1m[34m            SELECT sql
            FROM sqlite_master
            WHERE name='tindex_aproducts_on_user_id' AND type='index'
            UNION ALL
            SELECT sql
            FROM sqlite_temp_master
            WHERE name='tindex_aproducts_on_user_id' AND type='index'
[0m
  [1m[35m (0.1ms)[0m  [1m[35mCREATE  INDEX "index_products_on_user_id" ON "products" ("user_id")[0m
  [1m[35m (0.2ms)[0m  [1m[32mINSERT INTO "products" ("id","title","description","deadline","user_id","created_at","updated_at","minimum_amount")
                     SELECT "id","title","description","deadline","user_id","created_at","updated_at","minimum_amount" FROM "aproducts"[0m
  [1m[35m (0.2ms)[0m  [1m[35mDROP TABLE "aproducts"[0m
  [1m[35m (0.1ms)[0m  [1m[34m            SELECT sql
            FROM sqlite_master
            WHERE name='index_products_on_user_id' AND type='index'
            UNION ALL
            SELECT sql
            FROM sqlite_temp_master
            WHERE name='index_products_on_user_id' AND type='index'
[0m
  [1m[35mSQL (0.2ms)[0m  [1m[32mINSERT INTO "schema_migrations" ("version") VALUES (?)[0m  [["version", "20160902122204"]]
  [1m[35m (64.4ms)[0m  [1m[36mcommit transaction[0m
  [1m[36mActiveRecord::InternalMetadata Load (0.4ms)[0m  [1m[34mSELECT  "ar_internal_metadata".* FROM "ar_internal_metadata" WHERE "ar_internal_metadata"."key" = ? LIMIT ?[0m  [["key", :environment], ["LIMIT", 1]]
  [1m[35m (0.1ms)[0m  [1m[36mbegin transaction[0m
  [1m[35mSQL (0.2ms)[0m  [1m[32mINSERT INTO "ar_internal_metadata" ("key", "value", "created_at", "updated_at") VALUES (?, ?, ?, ?)[0m  [["key", "environment"], ["value", "development"], ["created_at", 2016-09-15 15:05:35 UTC], ["updated_at", 2016-09-15 15:05:35 UTC]]
  [1m[35m (71.5ms)[0m  [1m[36mcommit transaction[0m
  [1m[36mActiveRecord::SchemaMigration Load (0.1ms)[0m  [1m[34mSELECT "schema_migrations".* FROM "schema_migrations"[0m
  [1m[35m (0.1ms)[0m  [1m[34m            SELECT sql
            FROM sqlite_master
            WHERE name='index_bids_on_product_id' AND type='index'
            UNION ALL
            SELECT sql
            FROM sqlite_temp_master
            WHERE name='index_bids_on_product_id' AND type='index'
[0m
  [1m[35m (0.1ms)[0m  [1m[34m            SELECT sql
            FROM sqlite_master
            WHERE name='index_bids_on_user_id' AND type='index'
            UNION ALL
            SELECT sql
            FROM sqlite_temp_master
            WHERE name='index_bids_on_user_id' AND type='index'
[0m
  [1m[35m (0.1ms)[0m  [1m[34m            SELECT sql
            FROM sqlite_master
            WHERE name='index_products_on_user_id' AND type='index'
            UNION ALL
            SELECT sql
            FROM sqlite_temp_master
            WHERE name='index_products_on_user_id' AND type='index'
[0m
  [1m[35m (0.1ms)[0m  [1m[34m            SELECT sql
            FROM sqlite_master
            WHERE name='index_users_on_email' AND type='index'
            UNION ALL
            SELECT sql
            FROM sqlite_temp_master
            WHERE name='index_users_on_email' AND type='index'
[0m
  [1m[36mActiveRecord::SchemaMigration Load (0.2ms)[0m  [1m[34mSELECT "schema_migrations".* FROM "schema_migrations"[0m
  [1m[36mActiveRecord::InternalMetadata Load (0.2ms)[0m  [1m[34mSELECT  "ar_internal_metadata".* FROM "ar_internal_metadata" WHERE "ar_internal_metadata"."key" = ? LIMIT ?[0m  [["key", :environment], ["LIMIT", 1]]
  [1m[35m (0.1ms)[0m  [1m[36mbegin transaction[0m
  [1m[35m (0.1ms)[0m  [1m[36mcommit transaction[0m
  [1m[36mActiveRecord::SchemaMigration Load (0.1ms)[0m  [1m[34mSELECT "schema_migrations".* FROM "schema_migrations"[0m
  [1m[35m (0.1ms)[0m  [1m[34m            SELECT sql
            FROM sqlite_master
            WHERE name='index_bids_on_product_id' AND type='index'
            UNION ALL
            SELECT sql
            FROM sqlite_temp_master
            WHERE name='index_bids_on_product_id' AND type='index'
[0m
  [1m[35m (0.1ms)[0m  [1m[34m            SELECT sql
            FROM sqlite_master
            WHERE name='index_bids_on_user_id' AND type='index'
            UNION ALL
            SELECT sql
            FROM sqlite_temp_master
            WHERE name='index_bids_on_user_id' AND type='index'
[0m
  [1m[35m (0.1ms)[0m  [1m[34m            SELECT sql
            FROM sqlite_master
            WHERE name='index_products_on_user_id' AND type='index'
            UNION ALL
            SELECT sql
            FROM sqlite_temp_master
            WHERE name='index_products_on_user_id' AND type='index'
[0m
  [1m[35m (0.1ms)[0m  [1m[34m            SELECT sql
            FROM sqlite_master
            WHERE name='index_users_on_email' AND type='index'
            UNION ALL
            SELECT sql
            FROM sqlite_temp_master
            WHERE name='index_users_on_email' AND type='index'
[0m
Started GET "/" for 127.0.0.1 at 2016-09-15 17:26:37 +0100
  [1m[36mActiveRecord::SchemaMigration Load (0.2ms)[0m  [1m[34mSELECT "schema_migrations".* FROM "schema_migrations"[0m
Processing by UsersController#index as HTML
  [1m[35m (0.1ms)[0m  [1m[34mSELECT COUNT(*) FROM "users"[0m
  Rendering users/index.html.erb within layouts/application
  [1m[36mUser Load (0.2ms)[0m  [1m[34mSELECT "users".* FROM "users"[0m
  Rendered users/index.html.erb within layouts/application (6.4ms)
Completed 200 OK in 577ms (Views: 554.0ms | ActiveRecord: 0.6ms)


Started GET "/users/new" for 127.0.0.1 at 2016-09-15 17:26:40 +0100
Processing by UsersController#new as HTML
  Rendering users/new.html.erb within layouts/application
  Rendered users/_form.html.erb (23.8ms)
  Rendered users/new.html.erb within layouts/application (25.4ms)
Completed 200 OK in 67ms (Views: 60.4ms | ActiveRecord: 0.4ms)


Started POST "/users" for 127.0.0.1 at 2016-09-15 17:26:48 +0100
Processing by UsersController#create as HTML
  Parameters: {"utf8"=>"✓", "authenticity_token"=>"ovX0YyxMKhQAUispyHpxgH5zJ0hqK98J3Wu11KJRbaHu1mRKhZyGOxD12vMF3F89sDsMznHOuDv0iD9p1to9CA==", "user"=>{"name"=>"unai", "email"=>"uacaminoherrera@gmail.com"}, "commit"=>"Create User"}
  [1m[35m (0.2ms)[0m  [1m[36mbegin transaction[0m
  [1m[35mSQL (0.6ms)[0m  [1m[32mINSERT INTO "users" ("name", "email", "created_at", "updated_at") VALUES (?, ?, ?, ?)[0m  [["name", "unai"], ["email", "uacaminoherrera@gmail.com"], ["created_at", 2016-09-15 16:26:48 UTC], ["updated_at", 2016-09-15 16:26:48 UTC]]
  [1m[35m (169.8ms)[0m  [1m[36mcommit transaction[0m
Redirected to http://localhost:3000/users
Completed 302 Found in 184ms (ActiveRecord: 170.5ms)


Started GET "/users" for 127.0.0.1 at 2016-09-15 17:26:48 +0100
Processing by UsersController#index as HTML
  [1m[35m (0.1ms)[0m  [1m[34mSELECT COUNT(*) FROM "users"[0m
  Rendering users/index.html.erb within layouts/application
  [1m[36mUser Load (0.2ms)[0m  [1m[34mSELECT "users".* FROM "users"[0m
  Rendered users/index.html.erb within layouts/application (2.5ms)
Completed 200 OK in 50ms (Views: 47.7ms | ActiveRecord: 0.3ms)


Started GET "/users/1" for 127.0.0.1 at 2016-09-15 17:26:50 +0100
Processing by UsersController#show as HTML
  Parameters: {"id"=>"1"}
  [1m[36mUser Load (0.3ms)[0m  [1m[34mSELECT  "users".* FROM "users" WHERE "users"."id" = ? LIMIT ?[0m  [["id", 1], ["LIMIT", 1]]
  Rendering users/show.html.erb within layouts/application
  Rendered users/show.html.erb within layouts/application (0.5ms)
Completed 200 OK in 47ms (Views: 37.7ms | ActiveRecord: 0.3ms)


Started GET "/products" for 127.0.0.1 at 2016-09-15 17:26:51 +0100
Processing by ProductsController#index as HTML
  [1m[35m (0.1ms)[0m  [1m[34mSELECT COUNT(*) FROM "products"[0m
  Rendering products/index.html.erb within layouts/application
  [1m[36mProduct Load (0.2ms)[0m  [1m[34mSELECT "products".* FROM "products"[0m
  Rendered products/index.html.erb within layouts/application (1.4ms)
Completed 200 OK in 64ms (Views: 23.8ms | ActiveRecord: 0.6ms)


Started GET "/products/new" for 127.0.0.1 at 2016-09-15 17:26:53 +0100
Processing by ProductsController#new as HTML
  Rendering products/new.html.erb within layouts/application
  [1m[36mUser Load (0.2ms)[0m  [1m[34mSELECT "users".* FROM "users"[0m
  Rendered products/_form.html.erb (75.0ms)
  Rendered products/new.html.erb within layouts/application (76.2ms)
Completed 200 OK in 108ms (Views: 97.2ms | ActiveRecord: 0.5ms)


Started POST "/products" for 127.0.0.1 at 2016-09-15 17:27:04 +0100
Processing by ProductsController#create as HTML
  Parameters: {"utf8"=>"✓", "authenticity_token"=>"RxUPocAKAZjJT9EC2jMdiM8olLhOAFCTLOfdteb8EW6/F7LKnDHLRg5Vtkbz6NBfz8QA9U6q1PgEZjEOrf4U4A==", "product"=>{"title"=>"gorra", "description"=>"new", "deadline"=>"2018-01-01", "minimum_amount"=>"100", "user_id"=>"1"}, "commit"=>"Create Product"}
  [1m[35m (0.1ms)[0m  [1m[36mbegin transaction[0m
  [1m[36mUser Load (0.1ms)[0m  [1m[34mSELECT  "users".* FROM "users" WHERE "users"."id" = ? LIMIT ?[0m  [["id", 1], ["LIMIT", 1]]
  [1m[35mSQL (0.8ms)[0m  [1m[32mINSERT INTO "products" ("title", "description", "deadline", "user_id", "created_at", "updated_at", "minimum_amount") VALUES (?, ?, ?, ?, ?, ?, ?)[0m  [["title", "gorra"], ["description", "new"], ["deadline", Mon, 01 Jan 2018], ["user_id", 1], ["created_at", 2016-09-15 16:27:04 UTC], ["updated_at", 2016-09-15 16:27:04 UTC], ["minimum_amount", 100.0]]
  [1m[35m (112.0ms)[0m  [1m[36mcommit transaction[0m
Redirected to http://localhost:3000/products/1
Completed 302 Found in 178ms (ActiveRecord: 113.0ms)


Started GET "/products/1" for 127.0.0.1 at 2016-09-15 17:27:05 +0100
Processing by ProductsController#show as HTML
  Parameters: {"id"=>"1"}
  [1m[36mProduct Load (0.2ms)[0m  [1m[34mSELECT  "products".* FROM "products" WHERE "products"."id" = ? LIMIT ?[0m  [["id", 1], ["LIMIT", 1]]
  [1m[35m (0.2ms)[0m  [1m[34mSELECT MAX("bids"."amount") FROM "bids" WHERE "bids"."product_id" = ?[0m  [["product_id", 1]]
  Rendering products/show.html.erb within layouts/application
  [1m[36mUser Load (0.2ms)[0m  [1m[34mSELECT  "users".* FROM "users" WHERE "users"."id" = ? LIMIT ?[0m  [["id", 1], ["LIMIT", 1]]
  Rendered bids/_form.html.erb (2.8ms)
  [1m[35m (0.3ms)[0m  [1m[34mSELECT COUNT(*) FROM "bids" WHERE "bids"."product_id" = ?[0m  [["product_id", 1]]
  [1m[36mBid Load (0.2ms)[0m  [1m[34mSELECT "bids".* FROM "bids" WHERE "bids"."product_id" = ?[0m  [["product_id", 1]]
  Rendered bids/_index.html.erb (4.6ms)
  Rendered products/show.html.erb within layouts/application (12.8ms)
Completed 200 OK in 61ms (Views: 39.1ms | ActiveRecord: 1.5ms)


