

Started GET "/" for ::1 at 2016-04-27 10:57:02 -0400
Processing by TournamentsController#index as HTML
  Rendered tournaments/index.html.erb within layouts/application (28.7ms)
Completed 200 OK in 982ms (Views: 981.6ms | ActiveRecord: 0.0ms)


Started GET "/assets/bootstrap.self-f483ac3b88e1e3370077b698c09eeccfa05db3d0e26a303a9067085517dd829c.css?body=1" for ::1 at 2016-04-27 10:57:04 -0400


Started GET "/assets/tournaments.self-6d2bc1e9c564bdadff8dd9ed601cd16cfebad46dc4033dfdd3055345a9cddc26.css?body=1" for ::1 at 2016-04-27 10:57:04 -0400


Started GET "/assets/application.self-d885a0a66bd595c10edb24f8879f94e334d88be0730c4d7c7a7b57c731c09037.css?body=1" for ::1 at 2016-04-27 10:57:04 -0400


Started GET "/assets/jquery_readyselector.self-e8333e4cf02799551960a3d4743eee34a3486889bfb9339716ea7deafb7b5224.js?body=1" for ::1 at 2016-04-27 10:57:04 -0400


Started GET "/assets/jquery_ujs.self-d602bdfe68ffc63b9f9cc512872aa3cfff046228a0a36e90dd476e8ef54c1b09.js?body=1" for ::1 at 2016-04-27 10:57:04 -0400


Started GET "/assets/jquery.self-c64a74367bda6ef8b860f19e74df08927ca99d2be2ac934e9e92d5fd361e0da4.js?body=1" for ::1 at 2016-04-27 10:57:04 -0400


Started GET "/assets/bootstrap.self-2bbd2c0465f01b1f8270958ddfc2e62a08915f295a35d22df2971eb936cf3c64.js?body=1" for ::1 at 2016-04-27 10:57:04 -0400


Started GET "/assets/build-error-html.self-5fe653b6c12fee9832fa0fde9c3a201b39d4d2e094ffa0494e4545c21260ac84.js?body=1" for ::1 at 2016-04-27 10:57:04 -0400


Started GET "/assets/tournament-new.self-2c228e2bdf8deb82248a753ebacc70a5d3d96d93e3c6ce75639cf3e4387f9bfd.js?body=1" for ::1 at 2016-04-27 10:57:04 -0400


Started GET "/assets/build-tourney-html.self-ad498f66a5be7bd61752052559cec3db8f612030f0769e16a0b2e8da7a5752fd.js?body=1" for ::1 at 2016-04-27 10:57:04 -0400


Started GET "/assets/build-tourney-list-html.self-b543f1c45e64cf6131722a6793a5c941c6738105abbc7cd54724623b02630080.js?body=1" for ::1 at 2016-04-27 10:57:04 -0400


Started GET "/assets/tournaments-index.self-ae549ecf426b408499148430bdede6fc35266bac623ed81d5d000e12363a181a.js?body=1" for ::1 at 2016-04-27 10:57:04 -0400


Started GET "/assets/application.self-f8806224e027f3e3f0138ea9ce99319e298dfdb323304d1f1be6eae8e8c74724.js?body=1" for ::1 at 2016-04-27 10:57:04 -0400


Started GET "/assets/tournaments.self-d8ac4eba90c65f43025ec5fba60840863af26310beecab62c6e2983dc07953f9.js?body=1" for ::1 at 2016-04-27 10:57:04 -0400


Started GET "/api/tournaments.json" for ::1 at 2016-04-27 10:57:04 -0400

ActionController::RoutingError (No route matches [GET] "/api/tournaments.json"):
  actionpack (4.2.1) lib/action_dispatch/middleware/debug_exceptions.rb:21:in `call'
  web-console (2.3.0) lib/web_console/middleware.rb:28:in `block in call'
  web-console (2.3.0) lib/web_console/middleware.rb:18:in `catch'
  web-console (2.3.0) lib/web_console/middleware.rb:18:in `call'
  actionpack (4.2.1) lib/action_dispatch/middleware/show_exceptions.rb:30:in `call'
  railties (4.2.1) lib/rails/rack/logger.rb:38:in `call_app'
  railties (4.2.1) lib/rails/rack/logger.rb:20:in `block in call'
  activesupport (4.2.1) lib/active_support/tagged_logging.rb:68:in `block in tagged'
  activesupport (4.2.1) lib/active_support/tagged_logging.rb:26:in `tagged'
  activesupport (4.2.1) lib/active_support/tagged_logging.rb:68:in `tagged'
  railties (4.2.1) lib/rails/rack/logger.rb:20:in `call'
  actionpack (4.2.1) lib/action_dispatch/middleware/request_id.rb:21:in `call'
  rack (1.6.4) lib/rack/methodoverride.rb:22:in `call'
  rack (1.6.4) lib/rack/runtime.rb:18:in `call'
  activesupport (4.2.1) lib/active_support/cache/strategy/local_cache_middleware.rb:28:in `call'
  rack (1.6.4) lib/rack/lock.rb:17:in `call'
  actionpack (4.2.1) lib/action_dispatch/middleware/static.rb:113:in `call'
  rack (1.6.4) lib/rack/sendfile.rb:113:in `call'
  railties (4.2.1) lib/rails/engine.rb:518:in `call'
  railties (4.2.1) lib/rails/application.rb:164:in `call'
  rack (1.6.4) lib/rack/lock.rb:17:in `call'
  rack (1.6.4) lib/rack/content_length.rb:15:in `call'
  rack (1.6.4) lib/rack/handler/webrick.rb:88:in `service'
  /Users/josh/.rbenv/versions/2.2.2/lib/ruby/2.2.0/webrick/httpserver.rb:138:in `service'
  /Users/josh/.rbenv/versions/2.2.2/lib/ruby/2.2.0/webrick/httpserver.rb:94:in `run'
  /Users/josh/.rbenv/versions/2.2.2/lib/ruby/2.2.0/webrick/server.rb:294:in `block in start_thread'


  Rendered /Users/josh/.rbenv/versions/2.2.2/lib/ruby/gems/2.2.0/gems/actionpack-4.2.1/lib/action_dispatch/middleware/templates/rescues/_trace.text.erb (0.6ms)
  Rendered /Users/josh/.rbenv/versions/2.2.2/lib/ruby/gems/2.2.0/gems/actionpack-4.2.1/lib/action_dispatch/middleware/templates/rescues/routing_error.text.erb (31.5ms)


Started GET "/assets/bootstrap.css.map" for ::1 at 2016-04-27 10:57:08 -0400
  [1m[36m (0.7ms)[0m  [1mCREATE TABLE "schema_migrations" ("version" varchar NOT NULL) [0m
  [1m[35m (0.1ms)[0m  select sqlite_version(*)
  [1m[36m (0.7ms)[0m  [1mCREATE UNIQUE INDEX "unique_schema_migrations" ON "schema_migrations" ("version")[0m
  [1m[35mActiveRecord::SchemaMigration Load (0.1ms)[0m  SELECT "schema_migrations".* FROM "schema_migrations"
Migrating to CreateTournaments (20160913143207)
  [1m[36m (0.1ms)[0m  [1mbegin transaction[0m
  [1m[35m (0.3ms)[0m  CREATE TABLE "tournaments" ("id" INTEGER PRIMARY KEY AUTOINCREMENT NOT NULL, "name" varchar, "created_at" datetime NOT NULL, "updated_at" datetime NOT NULL) 
  [1m[36mSQL (0.2ms)[0m  [1mINSERT INTO "schema_migrations" ("version") VALUES (?)[0m  [["version", "20160913143207"]]
  [1m[35m (0.6ms)[0m  commit transaction
Migrating to CreatePlayers (20160913143222)
  [1m[36m (0.1ms)[0m  [1mbegin transaction[0m
  [1m[35m (0.5ms)[0m  CREATE TABLE "players" ("id" INTEGER PRIMARY KEY AUTOINCREMENT NOT NULL, "name" varchar, "created_at" datetime NOT NULL, "updated_at" datetime NOT NULL) 
  [1m[36mSQL (0.2ms)[0m  [1mINSERT INTO "schema_migrations" ("version") VALUES (?)[0m  [["version", "20160913143222"]]
  [1m[35m (0.7ms)[0m  commit transaction
Migrating to CreateRegistrations (20160913143257)
  [1m[36m (0.1ms)[0m  [1mbegin transaction[0m
  [1m[35m (0.7ms)[0m  CREATE TABLE "registrations" ("id" INTEGER PRIMARY KEY AUTOINCREMENT NOT NULL, "player_id" integer, "tournament_id" integer, "created_at" datetime NOT NULL, "updated_at" datetime NOT NULL) 
  [1m[36m (0.3ms)[0m  [1mCREATE  INDEX "index_registrations_on_player_id" ON "registrations" ("player_id")[0m
  [1m[35m (0.1ms)[0m              SELECT sql
            FROM sqlite_master
            WHERE name='index_registrations_on_player_id' AND type='index'
            UNION ALL
            SELECT sql
            FROM sqlite_temp_master
            WHERE name='index_registrations_on_player_id' AND type='index'

  [1m[36m (0.1ms)[0m  [1mCREATE  INDEX "index_registrations_on_tournament_id" ON "registrations" ("tournament_id")[0m
  [1m[35mSQL (0.2ms)[0m  INSERT INTO "schema_migrations" ("version") VALUES (?)  [["version", "20160913143257"]]
  [1m[36m (0.6ms)[0m  [1mcommit transaction[0m
  [1m[35mActiveRecord::SchemaMigration Load (0.3ms)[0m  SELECT "schema_migrations".* FROM "schema_migrations"
  [1m[36m (0.1ms)[0m  [1m            SELECT sql
            FROM sqlite_master
            WHERE name='index_registrations_on_tournament_id' AND type='index'
            UNION ALL
            SELECT sql
            FROM sqlite_temp_master
            WHERE name='index_registrations_on_tournament_id' AND type='index'
[0m
  [1m[35m (0.1ms)[0m              SELECT sql
            FROM sqlite_master
            WHERE name='index_registrations_on_player_id' AND type='index'
            UNION ALL
            SELECT sql
            FROM sqlite_temp_master
            WHERE name='index_registrations_on_player_id' AND type='index'

  [1m[36mActiveRecord::SchemaMigration Load (0.1ms)[0m  [1mSELECT "schema_migrations".* FROM "schema_migrations"[0m
  [1m[35m (0.1ms)[0m  begin transaction
  [1m[36mSQL (0.3ms)[0m  [1mINSERT INTO "tournaments" ("name", "created_at", "updated_at") VALUES (?, ?, ?)[0m  [["name", "Open del pueblo"], ["created_at", "2016-09-13 14:34:58.679825"], ["updated_at", "2016-09-13 14:34:58.679825"]]
  [1m[35m (0.6ms)[0m  commit transaction
  [1m[36m (0.1ms)[0m  [1mbegin transaction[0m
  [1m[35mSQL (0.3ms)[0m  INSERT INTO "players" ("name", "created_at", "updated_at") VALUES (?, ?, ?)  [["name", "Alfon"], ["created_at", "2016-09-13 14:34:58.687312"], ["updated_at", "2016-09-13 14:34:58.687312"]]
  [1m[36m (0.5ms)[0m  [1mcommit transaction[0m
  [1m[35m (0.1ms)[0m  begin transaction
  [1m[36mSQL (0.2ms)[0m  [1mINSERT INTO "players" ("name", "created_at", "updated_at") VALUES (?, ?, ?)[0m  [["name", "Coke"], ["created_at", "2016-09-13 14:34:58.689423"], ["updated_at", "2016-09-13 14:34:58.689423"]]
  [1m[35m (0.5ms)[0m  commit transaction
  [1m[36m (0.1ms)[0m  [1mbegin transaction[0m
  [1m[35mSQL (0.2ms)[0m  INSERT INTO "players" ("name", "created_at", "updated_at") VALUES (?, ?, ?)  [["name", "Cillas"], ["created_at", "2016-09-13 14:34:58.691307"], ["updated_at", "2016-09-13 14:34:58.691307"]]
  [1m[36m (1.0ms)[0m  [1mcommit transaction[0m
  [1m[35m (0.1ms)[0m  begin transaction
  [1m[36mSQL (0.7ms)[0m  [1mINSERT INTO "players" ("name", "created_at", "updated_at") VALUES (?, ?, ?)[0m  [["name", "Isa"], ["created_at", "2016-09-13 14:34:58.693726"], ["updated_at", "2016-09-13 14:34:58.693726"]]
  [1m[35m (1.2ms)[0m  commit transaction
  [1m[36mPlayer Load (1.2ms)[0m  [1mSELECT "players".* FROM "players"[0m
  [1m[35mTournament Load (0.1ms)[0m  SELECT "tournaments".* FROM "tournaments"


Started GET "/" for ::1 at 2016-09-13 16:38:01 +0200
  [1m[36mActiveRecord::SchemaMigration Load (0.1ms)[0m  [1mSELECT "schema_migrations".* FROM "schema_migrations"[0m
Processing by TournamentsController#index as HTML
  Rendered tournaments/index.html.erb within layouts/application (11.5ms)
Completed 200 OK in 607ms (Views: 606.7ms | ActiveRecord: 0.0ms)


Started GET "/assets/bootstrap.self-f483ac3b88e1e3370077b698c09eeccfa05db3d0e26a303a9067085517dd829c.css?body=1" for ::1 at 2016-09-13 16:38:02 +0200


Started GET "/assets/jquery.self-c64a74367bda6ef8b860f19e74df08927ca99d2be2ac934e9e92d5fd361e0da4.js?body=1" for ::1 at 2016-09-13 16:38:02 +0200


Started GET "/assets/bootstrap.self-2bbd2c0465f01b1f8270958ddfc2e62a08915f295a35d22df2971eb936cf3c64.js?body=1" for ::1 at 2016-09-13 16:38:02 +0200


Started GET "/assets/application.self-d885a0a66bd595c10edb24f8879f94e334d88be0730c4d7c7a7b57c731c09037.css?body=1" for ::1 at 2016-09-13 16:38:02 +0200


Started GET "/assets/tournaments.self-0c3080cdc4c6eddbe25f68700d2c7ce724cc25914793c8fd7beb62d9959843dc.css?body=1" for ::1 at 2016-09-13 16:38:02 +0200


Started GET "/assets/jquery_ujs.self-d602bdfe68ffc63b9f9cc512872aa3cfff046228a0a36e90dd476e8ef54c1b09.js?body=1" for ::1 at 2016-09-13 16:38:02 +0200


Started GET "/assets/jquery_readyselector.self-e8333e4cf02799551960a3d4743eee34a3486889bfb9339716ea7deafb7b5224.js?body=1" for ::1 at 2016-09-13 16:38:02 +0200


Started GET "/assets/build-error-html.self-5fe653b6c12fee9832fa0fde9c3a201b39d4d2e094ffa0494e4545c21260ac84.js?body=1" for ::1 at 2016-09-13 16:38:02 +0200


Started GET "/assets/build-tourney-list-html.self-b543f1c45e64cf6131722a6793a5c941c6738105abbc7cd54724623b02630080.js?body=1" for ::1 at 2016-09-13 16:38:02 +0200


Started GET "/assets/tournaments.self-d8ac4eba90c65f43025ec5fba60840863af26310beecab62c6e2983dc07953f9.js?body=1" for ::1 at 2016-09-13 16:38:02 +0200


Started GET "/assets/build-tourney-html.self-ad498f66a5be7bd61752052559cec3db8f612030f0769e16a0b2e8da7a5752fd.js?body=1" for ::1 at 2016-09-13 16:38:02 +0200


Started GET "/assets/tournaments-index.self-ae549ecf426b408499148430bdede6fc35266bac623ed81d5d000e12363a181a.js?body=1" for ::1 at 2016-09-13 16:38:02 +0200


Started GET "/assets/application.self-f8806224e027f3e3f0138ea9ce99319e298dfdb323304d1f1be6eae8e8c74724.js?body=1" for ::1 at 2016-09-13 16:38:02 +0200


Started GET "/assets/tournament-new.self-2c228e2bdf8deb82248a753ebacc70a5d3d96d93e3c6ce75639cf3e4387f9bfd.js?body=1" for ::1 at 2016-09-13 16:38:02 +0200


Started GET "/api/tournaments.json" for ::1 at 2016-09-13 16:38:02 +0200

ActionController::RoutingError (No route matches [GET] "/api/tournaments.json"):
  actionpack (4.2.1) lib/action_dispatch/middleware/debug_exceptions.rb:21:in `call'
  web-console (2.3.0) lib/web_console/middleware.rb:28:in `block in call'
  web-console (2.3.0) lib/web_console/middleware.rb:18:in `catch'
  web-console (2.3.0) lib/web_console/middleware.rb:18:in `call'
  actionpack (4.2.1) lib/action_dispatch/middleware/show_exceptions.rb:30:in `call'
  railties (4.2.1) lib/rails/rack/logger.rb:38:in `call_app'
  railties (4.2.1) lib/rails/rack/logger.rb:20:in `block in call'
  activesupport (4.2.1) lib/active_support/tagged_logging.rb:68:in `block in tagged'
  activesupport (4.2.1) lib/active_support/tagged_logging.rb:26:in `tagged'
  activesupport (4.2.1) lib/active_support/tagged_logging.rb:68:in `tagged'
  railties (4.2.1) lib/rails/rack/logger.rb:20:in `call'
  actionpack (4.2.1) lib/action_dispatch/middleware/request_id.rb:21:in `call'
  rack (1.6.4) lib/rack/methodoverride.rb:22:in `call'
  rack (1.6.4) lib/rack/runtime.rb:18:in `call'
  activesupport (4.2.1) lib/active_support/cache/strategy/local_cache_middleware.rb:28:in `call'
  rack (1.6.4) lib/rack/lock.rb:17:in `call'
  actionpack (4.2.1) lib/action_dispatch/middleware/static.rb:113:in `call'
  rack (1.6.4) lib/rack/sendfile.rb:113:in `call'
  railties (4.2.1) lib/rails/engine.rb:518:in `call'
  railties (4.2.1) lib/rails/application.rb:164:in `call'
  rack (1.6.4) lib/rack/lock.rb:17:in `call'
  rack (1.6.4) lib/rack/content_length.rb:15:in `call'
  rack (1.6.4) lib/rack/handler/webrick.rb:88:in `service'
  /Users/Alfon/.rvm/rubies/ruby-2.3.1/lib/ruby/2.3.0/webrick/httpserver.rb:140:in `service'
  /Users/Alfon/.rvm/rubies/ruby-2.3.1/lib/ruby/2.3.0/webrick/httpserver.rb:96:in `run'
  /Users/Alfon/.rvm/rubies/ruby-2.3.1/lib/ruby/2.3.0/webrick/server.rb:296:in `block in start_thread'


  Rendered /Users/Alfon/.rvm/gems/ruby-2.3.1/gems/actionpack-4.2.1/lib/action_dispatch/middleware/templates/rescues/_trace.text.erb (0.8ms)
  Rendered /Users/Alfon/.rvm/gems/ruby-2.3.1/gems/actionpack-4.2.1/lib/action_dispatch/middleware/templates/rescues/routing_error.text.erb (32.9ms)


Started GET "/assets/bootstrap.css.map" for ::1 at 2016-09-13 16:38:08 +0200


Started GET "/rails/info/routes" for ::1 at 2016-09-13 16:39:18 +0200
Processing by Rails::InfoController#routes as HTML
  Rendered /Users/Alfon/.rvm/gems/ruby-2.3.1/gems/actionpack-4.2.1/lib/action_dispatch/middleware/templates/routes/_route.html.erb (1.0ms)
  Rendered /Users/Alfon/.rvm/gems/ruby-2.3.1/gems/actionpack-4.2.1/lib/action_dispatch/middleware/templates/routes/_table.html.erb (7.1ms)
  Rendered /Users/Alfon/.rvm/gems/ruby-2.3.1/gems/railties-4.2.1/lib/rails/templates/rails/info/routes.html.erb within layouts/application (22.3ms)
Completed 200 OK in 28ms (Views: 27.3ms | ActiveRecord: 0.0ms)


Started GET "/" for ::1 at 2016-09-13 16:39:26 +0200
Processing by TournamentsController#index as HTML
  Rendered tournaments/index.html.erb within layouts/application (1.2ms)
Completed 200 OK in 27ms (Views: 26.3ms | ActiveRecord: 0.0ms)


Started GET "/assets/bootstrap.self-f483ac3b88e1e3370077b698c09eeccfa05db3d0e26a303a9067085517dd829c.css?body=1" for ::1 at 2016-09-13 16:39:26 +0200


Started GET "/assets/jquery.self-c64a74367bda6ef8b860f19e74df08927ca99d2be2ac934e9e92d5fd361e0da4.js?body=1" for ::1 at 2016-09-13 16:39:27 +0200


Started GET "/assets/tournaments.self-0c3080cdc4c6eddbe25f68700d2c7ce724cc25914793c8fd7beb62d9959843dc.css?body=1" for ::1 at 2016-09-13 16:39:27 +0200


Started GET "/assets/jquery_readyselector.self-e8333e4cf02799551960a3d4743eee34a3486889bfb9339716ea7deafb7b5224.js?body=1" for ::1 at 2016-09-13 16:39:27 +0200


Started GET "/assets/application.self-d885a0a66bd595c10edb24f8879f94e334d88be0730c4d7c7a7b57c731c09037.css?body=1" for ::1 at 2016-09-13 16:39:27 +0200


Started GET "/assets/jquery_ujs.self-d602bdfe68ffc63b9f9cc512872aa3cfff046228a0a36e90dd476e8ef54c1b09.js?body=1" for ::1 at 2016-09-13 16:39:27 +0200


Started GET "/assets/build-error-html.self-5fe653b6c12fee9832fa0fde9c3a201b39d4d2e094ffa0494e4545c21260ac84.js?body=1" for ::1 at 2016-09-13 16:39:27 +0200


Started GET "/assets/build-tourney-html.self-ad498f66a5be7bd61752052559cec3db8f612030f0769e16a0b2e8da7a5752fd.js?body=1" for ::1 at 2016-09-13 16:39:27 +0200


Started GET "/assets/bootstrap.self-2bbd2c0465f01b1f8270958ddfc2e62a08915f295a35d22df2971eb936cf3c64.js?body=1" for ::1 at 2016-09-13 16:39:27 +0200


Started GET "/assets/build-tourney-list-html.self-b543f1c45e64cf6131722a6793a5c941c6738105abbc7cd54724623b02630080.js?body=1" for ::1 at 2016-09-13 16:39:27 +0200


Started GET "/assets/tournament-new.self-2c228e2bdf8deb82248a753ebacc70a5d3d96d93e3c6ce75639cf3e4387f9bfd.js?body=1" for ::1 at 2016-09-13 16:39:27 +0200


Started GET "/assets/tournaments-index.self-ae549ecf426b408499148430bdede6fc35266bac623ed81d5d000e12363a181a.js?body=1" for ::1 at 2016-09-13 16:39:27 +0200


Started GET "/assets/tournaments.self-d8ac4eba90c65f43025ec5fba60840863af26310beecab62c6e2983dc07953f9.js?body=1" for ::1 at 2016-09-13 16:39:27 +0200


Started GET "/assets/application.self-f8806224e027f3e3f0138ea9ce99319e298dfdb323304d1f1be6eae8e8c74724.js?body=1" for ::1 at 2016-09-13 16:39:27 +0200


Started GET "/assets/bootstrap.css.map" for ::1 at 2016-09-13 16:39:27 +0200


Started GET "/api/tournaments.json" for ::1 at 2016-09-13 16:39:27 +0200
Processing by Api::TournamentsController#index as JSON
Completed 500 Internal Server Error in 3ms (ActiveRecord: 0.0ms)

ActionView::MissingTemplate (Missing template api/tournaments/index, application/index with {:locale=>[:en], :formats=>[:json], :variants=>[], :handlers=>[:erb, :builder, :raw, :ruby, :jbuilder]}. Searched in:
  * "/Users/Alfon/Desktop/Ironhack_TA_Agosto/week6/video-games-tournament/app/views"
):
  actionview (4.2.1) lib/action_view/path_set.rb:46:in `find'
  actionview (4.2.1) lib/action_view/lookup_context.rb:121:in `find'
  actionview (4.2.1) lib/action_view/renderer/abstract_renderer.rb:18:in `find_template'
  actionview (4.2.1) lib/action_view/renderer/template_renderer.rb:40:in `determine_template'
  actionview (4.2.1) lib/action_view/renderer/template_renderer.rb:8:in `render'
  actionview (4.2.1) lib/action_view/renderer/renderer.rb:42:in `render_template'
  actionview (4.2.1) lib/action_view/renderer/renderer.rb:23:in `render'
  actionview (4.2.1) lib/action_view/rendering.rb:100:in `_render_template'
  actionpack (4.2.1) lib/action_controller/metal/streaming.rb:217:in `_render_template'
  actionview (4.2.1) lib/action_view/rendering.rb:83:in `render_to_body'
  actionpack (4.2.1) lib/action_controller/metal/rendering.rb:32:in `render_to_body'
  actionpack (4.2.1) lib/action_controller/metal/renderers.rb:37:in `render_to_body'
  actionpack (4.2.1) lib/abstract_controller/rendering.rb:25:in `render'
  actionpack (4.2.1) lib/action_controller/metal/rendering.rb:16:in `render'
  actionpack (4.2.1) lib/action_controller/metal/instrumentation.rb:44:in `block (2 levels) in render'
  activesupport (4.2.1) lib/active_support/core_ext/benchmark.rb:12:in `block in ms'
  /Users/Alfon/.rvm/rubies/ruby-2.3.1/lib/ruby/2.3.0/benchmark.rb:308:in `realtime'
  activesupport (4.2.1) lib/active_support/core_ext/benchmark.rb:12:in `ms'
  actionpack (4.2.1) lib/action_controller/metal/instrumentation.rb:44:in `block in render'
  actionpack (4.2.1) lib/action_controller/metal/instrumentation.rb:87:in `cleanup_view_runtime'
  activerecord (4.2.1) lib/active_record/railties/controller_runtime.rb:25:in `cleanup_view_runtime'
  actionpack (4.2.1) lib/action_controller/metal/instrumentation.rb:43:in `render'
  actionpack (4.2.1) lib/action_controller/metal/implicit_render.rb:10:in `default_render'
  actionpack (4.2.1) lib/action_controller/metal/implicit_render.rb:5:in `send_action'
  actionpack (4.2.1) lib/abstract_controller/base.rb:198:in `process_action'
  actionpack (4.2.1) lib/action_controller/metal/rendering.rb:10:in `process_action'
  actionpack (4.2.1) lib/abstract_controller/callbacks.rb:20:in `block in process_action'
  activesupport (4.2.1) lib/active_support/callbacks.rb:117:in `call'
  activesupport (4.2.1) lib/active_support/callbacks.rb:555:in `block (2 levels) in compile'
  activesupport (4.2.1) lib/active_support/callbacks.rb:505:in `call'
  activesupport (4.2.1) lib/active_support/callbacks.rb:92:in `_run_callbacks'
  activesupport (4.2.1) lib/active_support/callbacks.rb:776:in `_run_process_action_callbacks'
  activesupport (4.2.1) lib/active_support/callbacks.rb:81:in `run_callbacks'
  actionpack (4.2.1) lib/abstract_controller/callbacks.rb:19:in `process_action'
  actionpack (4.2.1) lib/action_controller/metal/rescue.rb:29:in `process_action'
  actionpack (4.2.1) lib/action_controller/metal/instrumentation.rb:32:in `block in process_action'
  activesupport (4.2.1) lib/active_support/notifications.rb:164:in `block in instrument'
  activesupport (4.2.1) lib/active_support/notifications/instrumenter.rb:20:in `instrument'
  activesupport (4.2.1) lib/active_support/notifications.rb:164:in `instrument'
  actionpack (4.2.1) lib/action_controller/metal/instrumentation.rb:30:in `process_action'
  actionpack (4.2.1) lib/action_controller/metal/params_wrapper.rb:250:in `process_action'
  activerecord (4.2.1) lib/active_record/railties/controller_runtime.rb:18:in `process_action'
  actionpack (4.2.1) lib/abstract_controller/base.rb:137:in `process'
  actionview (4.2.1) lib/action_view/rendering.rb:30:in `process'
  actionpack (4.2.1) lib/action_controller/metal.rb:196:in `dispatch'
  actionpack (4.2.1) lib/action_controller/metal/rack_delegation.rb:13:in `dispatch'
  actionpack (4.2.1) lib/action_controller/metal.rb:237:in `block in action'
  actionpack (4.2.1) lib/action_dispatch/routing/route_set.rb:74:in `dispatch'
  actionpack (4.2.1) lib/action_dispatch/routing/route_set.rb:43:in `serve'
  actionpack (4.2.1) lib/action_dispatch/journey/router.rb:43:in `block in serve'
  actionpack (4.2.1) lib/action_dispatch/journey/router.rb:30:in `each'
  actionpack (4.2.1) lib/action_dispatch/journey/router.rb:30:in `serve'
  actionpack (4.2.1) lib/action_dispatch/routing/route_set.rb:819:in `call'
  rack (1.6.4) lib/rack/etag.rb:24:in `call'
  rack (1.6.4) lib/rack/conditionalget.rb:25:in `call'
  rack (1.6.4) lib/rack/head.rb:13:in `call'
  actionpack (4.2.1) lib/action_dispatch/middleware/params_parser.rb:27:in `call'
  actionpack (4.2.1) lib/action_dispatch/middleware/flash.rb:260:in `call'
  rack (1.6.4) lib/rack/session/abstract/id.rb:225:in `context'
  rack (1.6.4) lib/rack/session/abstract/id.rb:220:in `call'
  actionpack (4.2.1) lib/action_dispatch/middleware/cookies.rb:560:in `call'
  activerecord (4.2.1) lib/active_record/query_cache.rb:36:in `call'
  activerecord (4.2.1) lib/active_record/connection_adapters/abstract/connection_pool.rb:649:in `call'
  activerecord (4.2.1) lib/active_record/migration.rb:378:in `call'
  actionpack (4.2.1) lib/action_dispatch/middleware/callbacks.rb:29:in `block in call'
  activesupport (4.2.1) lib/active_support/callbacks.rb:88:in `_run_callbacks'
  activesupport (4.2.1) lib/active_support/callbacks.rb:776:in `_run_call_callbacks'
  activesupport (4.2.1) lib/active_support/callbacks.rb:81:in `run_callbacks'
  actionpack (4.2.1) lib/action_dispatch/middleware/callbacks.rb:27:in `call'
  actionpack (4.2.1) lib/action_dispatch/middleware/reloader.rb:73:in `call'
  actionpack (4.2.1) lib/action_dispatch/middleware/remote_ip.rb:78:in `call'
  actionpack (4.2.1) lib/action_dispatch/middleware/debug_exceptions.rb:17:in `call'
  web-console (2.3.0) lib/web_console/middleware.rb:28:in `block in call'
  web-console (2.3.0) lib/web_console/middleware.rb:18:in `catch'
  web-console (2.3.0) lib/web_console/middleware.rb:18:in `call'
  actionpack (4.2.1) lib/action_dispatch/middleware/show_exceptions.rb:30:in `call'
  railties (4.2.1) lib/rails/rack/logger.rb:38:in `call_app'
  railties (4.2.1) lib/rails/rack/logger.rb:20:in `block in call'
  activesupport (4.2.1) lib/active_support/tagged_logging.rb:68:in `block in tagged'
  activesupport (4.2.1) lib/active_support/tagged_logging.rb:26:in `tagged'
  activesupport (4.2.1) lib/active_support/tagged_logging.rb:68:in `tagged'
  railties (4.2.1) lib/rails/rack/logger.rb:20:in `call'
  actionpack (4.2.1) lib/action_dispatch/middleware/request_id.rb:21:in `call'
  rack (1.6.4) lib/rack/methodoverride.rb:22:in `call'
  rack (1.6.4) lib/rack/runtime.rb:18:in `call'
  activesupport (4.2.1) lib/active_support/cache/strategy/local_cache_middleware.rb:28:in `call'
  rack (1.6.4) lib/rack/lock.rb:17:in `call'
  actionpack (4.2.1) lib/action_dispatch/middleware/static.rb:113:in `call'
  rack (1.6.4) lib/rack/sendfile.rb:113:in `call'
  railties (4.2.1) lib/rails/engine.rb:518:in `call'
  railties (4.2.1) lib/rails/application.rb:164:in `call'
  rack (1.6.4) lib/rack/lock.rb:17:in `call'
  rack (1.6.4) lib/rack/content_length.rb:15:in `call'
  rack (1.6.4) lib/rack/handler/webrick.rb:88:in `service'
  /Users/Alfon/.rvm/rubies/ruby-2.3.1/lib/ruby/2.3.0/webrick/httpserver.rb:140:in `service'
  /Users/Alfon/.rvm/rubies/ruby-2.3.1/lib/ruby/2.3.0/webrick/httpserver.rb:96:in `run'
  /Users/Alfon/.rvm/rubies/ruby-2.3.1/lib/ruby/2.3.0/webrick/server.rb:296:in `block in start_thread'


  Rendered /Users/Alfon/.rvm/gems/ruby-2.3.1/gems/actionpack-4.2.1/lib/action_dispatch/middleware/templates/rescues/missing_template.text.erb (0.5ms)


Started GET "/" for ::1 at 2016-09-13 16:39:59 +0200
Processing by TournamentsController#index as HTML
  Rendered tournaments/index.html.erb within layouts/application (1.4ms)
Completed 200 OK in 29ms (Views: 29.0ms | ActiveRecord: 0.0ms)


Started GET "/assets/bootstrap.self-f483ac3b88e1e3370077b698c09eeccfa05db3d0e26a303a9067085517dd829c.css?body=1" for ::1 at 2016-09-13 16:39:59 +0200


Started GET "/assets/application.self-d885a0a66bd595c10edb24f8879f94e334d88be0730c4d7c7a7b57c731c09037.css?body=1" for ::1 at 2016-09-13 16:39:59 +0200


Started GET "/assets/jquery_readyselector.self-e8333e4cf02799551960a3d4743eee34a3486889bfb9339716ea7deafb7b5224.js?body=1" for ::1 at 2016-09-13 16:40:00 +0200


Started GET "/assets/bootstrap.self-2bbd2c0465f01b1f8270958ddfc2e62a08915f295a35d22df2971eb936cf3c64.js?body=1" for ::1 at 2016-09-13 16:40:00 +0200


Started GET "/assets/build-error-html.self-5fe653b6c12fee9832fa0fde9c3a201b39d4d2e094ffa0494e4545c21260ac84.js?body=1" for ::1 at 2016-09-13 16:40:00 +0200


Started GET "/assets/tournaments.self-0c3080cdc4c6eddbe25f68700d2c7ce724cc25914793c8fd7beb62d9959843dc.css?body=1" for ::1 at 2016-09-13 16:40:00 +0200


Started GET "/assets/jquery.self-c64a74367bda6ef8b860f19e74df08927ca99d2be2ac934e9e92d5fd361e0da4.js?body=1" for ::1 at 2016-09-13 16:40:00 +0200


Started GET "/assets/jquery_ujs.self-d602bdfe68ffc63b9f9cc512872aa3cfff046228a0a36e90dd476e8ef54c1b09.js?body=1" for ::1 at 2016-09-13 16:40:00 +0200


Started GET "/assets/build-tourney-list-html.self-b543f1c45e64cf6131722a6793a5c941c6738105abbc7cd54724623b02630080.js?body=1" for ::1 at 2016-09-13 16:40:00 +0200


Started GET "/assets/build-tourney-html.self-ad498f66a5be7bd61752052559cec3db8f612030f0769e16a0b2e8da7a5752fd.js?body=1" for ::1 at 2016-09-13 16:40:00 +0200


Started GET "/assets/tournament-new.self-2c228e2bdf8deb82248a753ebacc70a5d3d96d93e3c6ce75639cf3e4387f9bfd.js?body=1" for ::1 at 2016-09-13 16:40:00 +0200


Started GET "/assets/tournaments-index.self-ae549ecf426b408499148430bdede6fc35266bac623ed81d5d000e12363a181a.js?body=1" for ::1 at 2016-09-13 16:40:00 +0200


Started GET "/assets/tournaments.self-d8ac4eba90c65f43025ec5fba60840863af26310beecab62c6e2983dc07953f9.js?body=1" for ::1 at 2016-09-13 16:40:00 +0200


Started GET "/assets/application.self-f8806224e027f3e3f0138ea9ce99319e298dfdb323304d1f1be6eae8e8c74724.js?body=1" for ::1 at 2016-09-13 16:40:00 +0200


Started GET "/assets/bootstrap.css.map" for ::1 at 2016-09-13 16:40:00 +0200


Started GET "/api/tournaments.json" for ::1 at 2016-09-13 16:40:00 +0200
Processing by Api::TournamentsController#index as JSON
  [1m[35mTournament Load (0.3ms)[0m  SELECT "tournaments".* FROM "tournaments"
Completed 200 OK in 11ms (Views: 4.1ms | ActiveRecord: 0.6ms)


Started GET "/assets/glyphicons-halflings-regular.woff2" for ::1 at 2016-09-13 16:40:00 +0200


Started GET "/" for ::1 at 2016-09-13 16:42:42 +0200
Processing by TournamentsController#index as HTML
  Rendered tournaments/index.html.erb within layouts/application (1.0ms)
Completed 200 OK in 19ms (Views: 18.6ms | ActiveRecord: 0.0ms)


Started GET "/assets/bootstrap.self-f483ac3b88e1e3370077b698c09eeccfa05db3d0e26a303a9067085517dd829c.css?body=1" for ::1 at 2016-09-13 16:42:42 +0200


Started GET "/assets/tournaments.self-0c3080cdc4c6eddbe25f68700d2c7ce724cc25914793c8fd7beb62d9959843dc.css?body=1" for ::1 at 2016-09-13 16:42:42 +0200


Started GET "/assets/application.self-d885a0a66bd595c10edb24f8879f94e334d88be0730c4d7c7a7b57c731c09037.css?body=1" for ::1 at 2016-09-13 16:42:42 +0200


Started GET "/assets/bootstrap.self-2bbd2c0465f01b1f8270958ddfc2e62a08915f295a35d22df2971eb936cf3c64.js?body=1" for ::1 at 2016-09-13 16:42:42 +0200


Started GET "/assets/jquery_ujs.self-d602bdfe68ffc63b9f9cc512872aa3cfff046228a0a36e90dd476e8ef54c1b09.js?body=1" for ::1 at 2016-09-13 16:42:42 +0200


Started GET "/assets/build-error-html.self-5fe653b6c12fee9832fa0fde9c3a201b39d4d2e094ffa0494e4545c21260ac84.js?body=1" for ::1 at 2016-09-13 16:42:42 +0200


Started GET "/assets/build-tourney-html.self-ad498f66a5be7bd61752052559cec3db8f612030f0769e16a0b2e8da7a5752fd.js?body=1" for ::1 at 2016-09-13 16:42:42 +0200


Started GET "/assets/jquery_readyselector.self-e8333e4cf02799551960a3d4743eee34a3486889bfb9339716ea7deafb7b5224.js?body=1" for ::1 at 2016-09-13 16:42:42 +0200


Started GET "/assets/jquery.self-c64a74367bda6ef8b860f19e74df08927ca99d2be2ac934e9e92d5fd361e0da4.js?body=1" for ::1 at 2016-09-13 16:42:42 +0200


Started GET "/assets/build-tourney-list-html.self-b543f1c45e64cf6131722a6793a5c941c6738105abbc7cd54724623b02630080.js?body=1" for ::1 at 2016-09-13 16:42:42 +0200


Started GET "/assets/tournament-new.self-2c228e2bdf8deb82248a753ebacc70a5d3d96d93e3c6ce75639cf3e4387f9bfd.js?body=1" for ::1 at 2016-09-13 16:42:42 +0200


Started GET "/assets/tournaments-index.self-ae549ecf426b408499148430bdede6fc35266bac623ed81d5d000e12363a181a.js?body=1" for ::1 at 2016-09-13 16:42:42 +0200


Started GET "/assets/tournaments.self-d8ac4eba90c65f43025ec5fba60840863af26310beecab62c6e2983dc07953f9.js?body=1" for ::1 at 2016-09-13 16:42:42 +0200


Started GET "/assets/application.self-f8806224e027f3e3f0138ea9ce99319e298dfdb323304d1f1be6eae8e8c74724.js?body=1" for ::1 at 2016-09-13 16:42:42 +0200


Started GET "/assets/bootstrap.css.map" for ::1 at 2016-09-13 16:42:43 +0200


Started GET "/api/tournaments.json" for ::1 at 2016-09-13 16:42:43 +0200
Processing by Api::TournamentsController#index as JSON
  [1m[36mTournament Load (0.3ms)[0m  [1mSELECT "tournaments".* FROM "tournaments"[0m
Completed 200 OK in 8ms (Views: 3.6ms | ActiveRecord: 0.6ms)


Started GET "/assets/glyphicons-halflings-regular.woff2" for ::1 at 2016-09-13 16:42:43 +0200


Started POST "/api/tournaments" for ::1 at 2016-09-13 16:42:54 +0200
Processing by Api::TournamentsController#create as */*
  Parameters: {"utf8"=>"✓", "authenticity_token"=>"gAClj33Za1VXUGbB5/NDVowSG6Ygb1rs85LL4J6r95NQwlj58sysCG+1InQ/EpKQjOjCHtKL1QbLHUzAyWX3vQ==", "tournament"=>{"name"=>"Ironhack Hackshow"}}
  [1m[35m (0.1ms)[0m  begin transaction
  [1m[36mSQL (0.4ms)[0m  [1mINSERT INTO "tournaments" ("name", "created_at", "updated_at") VALUES (?, ?, ?)[0m  [["name", "Ironhack Hackshow"], ["created_at", "2016-09-13 14:42:54.693285"], ["updated_at", "2016-09-13 14:42:54.693285"]]
  [1m[35m (4.1ms)[0m  commit transaction
Completed 201 Created in 11ms (Views: 0.4ms | ActiveRecord: 4.5ms)


Started POST "/api/tournaments" for ::1 at 2016-09-13 16:45:56 +0200
Processing by Api::TournamentsController#create as */*
  Parameters: {"utf8"=>"✓", "authenticity_token"=>"gAClj33Za1VXUGbB5/NDVowSG6Ygb1rs85LL4J6r95NQwlj58sysCG+1InQ/EpKQjOjCHtKL1QbLHUzAyWX3vQ==", "tournament"=>{"name"=>""}}
  [1m[36m (0.0ms)[0m  [1mbegin transaction[0m
  [1m[35mSQL (0.3ms)[0m  INSERT INTO "tournaments" ("name", "created_at", "updated_at") VALUES (?, ?, ?)  [["name", ""], ["created_at", "2016-09-13 14:45:56.595459"], ["updated_at", "2016-09-13 14:45:56.595459"]]
  [1m[36m (2.0ms)[0m  [1mcommit transaction[0m
Completed 201 Created in 11ms (Views: 0.4ms | ActiveRecord: 2.7ms)


Started GET "/" for ::1 at 2016-09-13 16:46:26 +0200
Processing by TournamentsController#index as HTML
  Rendered tournaments/index.html.erb within layouts/application (1.0ms)
Completed 200 OK in 25ms (Views: 25.2ms | ActiveRecord: 0.0ms)


Started GET "/assets/bootstrap.self-f483ac3b88e1e3370077b698c09eeccfa05db3d0e26a303a9067085517dd829c.css?body=1" for ::1 at 2016-09-13 16:46:26 +0200


Started GET "/assets/tournaments.self-0c3080cdc4c6eddbe25f68700d2c7ce724cc25914793c8fd7beb62d9959843dc.css?body=1" for ::1 at 2016-09-13 16:46:26 +0200


Started GET "/assets/application.self-d885a0a66bd595c10edb24f8879f94e334d88be0730c4d7c7a7b57c731c09037.css?body=1" for ::1 at 2016-09-13 16:46:26 +0200


Started GET "/assets/jquery.self-c64a74367bda6ef8b860f19e74df08927ca99d2be2ac934e9e92d5fd361e0da4.js?body=1" for ::1 at 2016-09-13 16:46:26 +0200


Started GET "/assets/build-tourney-html.self-ad498f66a5be7bd61752052559cec3db8f612030f0769e16a0b2e8da7a5752fd.js?body=1" for ::1 at 2016-09-13 16:46:26 +0200


Started GET "/assets/jquery_readyselector.self-e8333e4cf02799551960a3d4743eee34a3486889bfb9339716ea7deafb7b5224.js?body=1" for ::1 at 2016-09-13 16:46:26 +0200


Started GET "/assets/build-error-html.self-5fe653b6c12fee9832fa0fde9c3a201b39d4d2e094ffa0494e4545c21260ac84.js?body=1" for ::1 at 2016-09-13 16:46:26 +0200


Started GET "/assets/bootstrap.self-2bbd2c0465f01b1f8270958ddfc2e62a08915f295a35d22df2971eb936cf3c64.js?body=1" for ::1 at 2016-09-13 16:46:26 +0200


Started GET "/assets/jquery_ujs.self-d602bdfe68ffc63b9f9cc512872aa3cfff046228a0a36e90dd476e8ef54c1b09.js?body=1" for ::1 at 2016-09-13 16:46:26 +0200


Started GET "/assets/build-tourney-list-html.self-b543f1c45e64cf6131722a6793a5c941c6738105abbc7cd54724623b02630080.js?body=1" for ::1 at 2016-09-13 16:46:26 +0200


Started GET "/assets/tournament-new.self-2c228e2bdf8deb82248a753ebacc70a5d3d96d93e3c6ce75639cf3e4387f9bfd.js?body=1" for ::1 at 2016-09-13 16:46:26 +0200


Started GET "/assets/tournaments-index.self-ae549ecf426b408499148430bdede6fc35266bac623ed81d5d000e12363a181a.js?body=1" for ::1 at 2016-09-13 16:46:26 +0200


Started GET "/assets/application.self-f8806224e027f3e3f0138ea9ce99319e298dfdb323304d1f1be6eae8e8c74724.js?body=1" for ::1 at 2016-09-13 16:46:26 +0200


Started GET "/assets/tournaments.self-d8ac4eba90c65f43025ec5fba60840863af26310beecab62c6e2983dc07953f9.js?body=1" for ::1 at 2016-09-13 16:46:26 +0200


Started GET "/assets/bootstrap.css.map" for ::1 at 2016-09-13 16:46:27 +0200


Started GET "/api/tournaments.json" for ::1 at 2016-09-13 16:46:27 +0200
Processing by Api::TournamentsController#index as JSON
  [1m[35mTournament Load (0.6ms)[0m  SELECT "tournaments".* FROM "tournaments"
Completed 200 OK in 13ms (Views: 6.9ms | ActiveRecord: 1.3ms)


Started GET "/assets/glyphicons-halflings-regular.woff2" for ::1 at 2016-09-13 16:46:27 +0200


Started POST "/api/tournaments" for ::1 at 2016-09-13 16:46:29 +0200
Processing by Api::TournamentsController#create as */*
  Parameters: {"utf8"=>"✓", "authenticity_token"=>"+PBkEwacuZvI3on1ZS82AX9wJyX05zPuFTlY37oLHIAoMplliYl+xvA7zUC9zufHf4r+nQYDvAQttt//7cUcrg==", "tournament"=>{"name"=>""}}
  [1m[36m (0.1ms)[0m  [1mbegin transaction[0m
  [1m[35m (0.1ms)[0m  rollback transaction
Completed 200 OK in 11ms (Views: 0.2ms | ActiveRecord: 0.1ms)


Started POST "/api/tournaments" for ::1 at 2016-09-13 16:46:46 +0200
Processing by Api::TournamentsController#create as */*
  Parameters: {"utf8"=>"✓", "authenticity_token"=>"+PBkEwacuZvI3on1ZS82AX9wJyX05zPuFTlY37oLHIAoMplliYl+xvA7zUC9zufHf4r+nQYDvAQttt//7cUcrg==", "tournament"=>{"name"=>"Kill the Saxons"}}
  [1m[36m (0.1ms)[0m  [1mbegin transaction[0m
  [1m[35mSQL (0.4ms)[0m  INSERT INTO "tournaments" ("name", "created_at", "updated_at") VALUES (?, ?, ?)  [["name", "Kill the Saxons"], ["created_at", "2016-09-13 14:46:46.766685"], ["updated_at", "2016-09-13 14:46:46.766685"]]
  [1m[36m (1.5ms)[0m  [1mcommit transaction[0m
Completed 201 Created in 6ms (Views: 0.3ms | ActiveRecord: 2.0ms)
  [1m[36mTournament Load (0.1ms)[0m  [1mSELECT  "tournaments".* FROM "tournaments"  ORDER BY "tournaments"."id" ASC LIMIT 1 OFFSET 2[0m
  [1m[35mTournament Load (0.2ms)[0m  SELECT  "tournaments".* FROM "tournaments"  ORDER BY "tournaments"."id" ASC LIMIT 1 OFFSET 2
  [1m[36m (0.1ms)[0m  [1mbegin transaction[0m
  [1m[35mSQL (0.5ms)[0m  DELETE FROM "tournaments" WHERE "tournaments"."id" = ?  [["id", 3]]
  [1m[36m (4.7ms)[0m  [1mcommit transaction[0m


Started GET "/" for ::1 at 2016-09-13 16:47:08 +0200
Processing by TournamentsController#index as HTML
  Rendered tournaments/index.html.erb within layouts/application (0.7ms)
Completed 200 OK in 27ms (Views: 26.9ms | ActiveRecord: 0.0ms)


Started GET "/assets/bootstrap.self-f483ac3b88e1e3370077b698c09eeccfa05db3d0e26a303a9067085517dd829c.css?body=1" for ::1 at 2016-09-13 16:47:08 +0200


Started GET "/assets/application.self-d885a0a66bd595c10edb24f8879f94e334d88be0730c4d7c7a7b57c731c09037.css?body=1" for ::1 at 2016-09-13 16:47:08 +0200


Started GET "/assets/tournaments.self-0c3080cdc4c6eddbe25f68700d2c7ce724cc25914793c8fd7beb62d9959843dc.css?body=1" for ::1 at 2016-09-13 16:47:08 +0200


Started GET "/assets/bootstrap.self-2bbd2c0465f01b1f8270958ddfc2e62a08915f295a35d22df2971eb936cf3c64.js?body=1" for ::1 at 2016-09-13 16:47:08 +0200


Started GET "/assets/jquery.self-c64a74367bda6ef8b860f19e74df08927ca99d2be2ac934e9e92d5fd361e0da4.js?body=1" for ::1 at 2016-09-13 16:47:08 +0200


Started GET "/assets/jquery_readyselector.self-e8333e4cf02799551960a3d4743eee34a3486889bfb9339716ea7deafb7b5224.js?body=1" for ::1 at 2016-09-13 16:47:08 +0200


Started GET "/assets/jquery_ujs.self-d602bdfe68ffc63b9f9cc512872aa3cfff046228a0a36e90dd476e8ef54c1b09.js?body=1" for ::1 at 2016-09-13 16:47:08 +0200


Started GET "/assets/build-error-html.self-5fe653b6c12fee9832fa0fde9c3a201b39d4d2e094ffa0494e4545c21260ac84.js?body=1" for ::1 at 2016-09-13 16:47:08 +0200


Started GET "/assets/build-tourney-html.self-ad498f66a5be7bd61752052559cec3db8f612030f0769e16a0b2e8da7a5752fd.js?body=1" for ::1 at 2016-09-13 16:47:08 +0200


Started GET "/assets/build-tourney-list-html.self-b543f1c45e64cf6131722a6793a5c941c6738105abbc7cd54724623b02630080.js?body=1" for ::1 at 2016-09-13 16:47:08 +0200


Started GET "/assets/tournament-new.self-2c228e2bdf8deb82248a753ebacc70a5d3d96d93e3c6ce75639cf3e4387f9bfd.js?body=1" for ::1 at 2016-09-13 16:47:08 +0200


Started GET "/assets/tournaments-index.self-ae549ecf426b408499148430bdede6fc35266bac623ed81d5d000e12363a181a.js?body=1" for ::1 at 2016-09-13 16:47:08 +0200


Started GET "/assets/tournaments.self-d8ac4eba90c65f43025ec5fba60840863af26310beecab62c6e2983dc07953f9.js?body=1" for ::1 at 2016-09-13 16:47:08 +0200


Started GET "/assets/application.self-f8806224e027f3e3f0138ea9ce99319e298dfdb323304d1f1be6eae8e8c74724.js?body=1" for ::1 at 2016-09-13 16:47:08 +0200


Started GET "/assets/bootstrap.css.map" for ::1 at 2016-09-13 16:47:08 +0200


Started GET "/api/tournaments.json" for ::1 at 2016-09-13 16:47:09 +0200
Processing by Api::TournamentsController#index as JSON
  [1m[35mTournament Load (0.1ms)[0m  SELECT "tournaments".* FROM "tournaments"
Completed 200 OK in 1ms (Views: 1.0ms | ActiveRecord: 0.1ms)


Started GET "/assets/glyphicons-halflings-regular.woff2" for ::1 at 2016-09-13 16:47:09 +0200


Started POST "/api/tournaments" for ::1 at 2016-09-13 17:23:29 +0200
Processing by Api::TournamentsController#create as */*
  Parameters: {"utf8"=>"✓", "authenticity_token"=>"sHiP7rVAiGcNe+quj3d0EBOspCJ/pK4G1zINHGlfjRBgunKYOlVPOjWerhtXlqXWE1Z9mo1AIezvvYo8PpGNPg==", "tournament"=>{"name"=>"Comer Gluten"}}
  [1m[36m (0.1ms)[0m  [1mbegin transaction[0m
  [1m[35mSQL (0.5ms)[0m  INSERT INTO "tournaments" ("name", "created_at", "updated_at") VALUES (?, ?, ?)  [["name", "Comer Gluten"], ["created_at", "2016-09-13 15:23:29.258497"], ["updated_at", "2016-09-13 15:23:29.258497"]]
  [1m[36m (2.8ms)[0m  [1mcommit transaction[0m
Completed 201 Created in 14ms (Views: 0.4ms | ActiveRecord: 3.9ms)
